生成启动时间为 2015/12/29 20:20:12。
     1>项目“D:\Workspace\VS2013\图形学\光线追踪室内\光线追踪室内\光线追踪室内.vcxproj”在节点 2 上(Build 个目标)。
     1>ClCompile:
         D:\ProgramFiles\VS2013\VC\bin\CL.exe /c /ZI /nologo /W3 /WX- /sdl /Od /Oy- /D WIN32 /D _DEBUG /D _CONSOLE /D _LIB /D _UNICODE /D UNICODE /Gm /EHsc /RTC1 /MDd /GS /fp:precise /Zc:wchar_t /Zc:forScope /Fo"Debug\\" /Fd"Debug\vc120.pdb" /Gd /TP /analyze- /errorReport:prompt Light.cpp main.cpp Polygon.cpp Ray.cpp Scene.cpp
         Scene.cpp
     1>d:\workspace\vs2013\图形学\光线追踪室内\光线追踪室内\scene.cpp(94): warning C4018: “<”: 有符号/无符号不匹配
     1>d:\workspace\vs2013\图形学\光线追踪室内\光线追踪室内\scene.cpp(126): warning C4018: “<”: 有符号/无符号不匹配
         Ray.cpp
     1>d:\workspace\vs2013\图形学\光线追踪室内\光线追踪室内\ray.cpp(21): warning C4305: “=”: 从“double”到“float”截断
     1>d:\workspace\vs2013\图形学\光线追踪室内\光线追踪室内\ray.cpp(22): warning C4305: “=”: 从“double”到“float”截断
         Polygon.cpp
     1>d:\workspace\vs2013\图形学\光线追踪室内\光线追踪室内\polygon.cpp(23): warning C4305: “参数”: 从“double”到“float”截断
     1>d:\workspace\vs2013\图形学\光线追踪室内\光线追踪室内\polygon.cpp(25): warning C4305: “参数”: 从“double”到“float”截断
     1>d:\workspace\vs2013\图形学\光线追踪室内\光线追踪室内\polygon.cpp(30): warning C4305: “=”: 从“double”到“float”截断
     1>d:\workspace\vs2013\图形学\光线追踪室内\光线追踪室内\polygon.cpp(38): warning C4018: “<”: 有符号/无符号不匹配
         main.cpp
         Light.cpp
         正在生成代码...
       Link:
         D:\ProgramFiles\VS2013\VC\bin\link.exe /ERRORREPORT:PROMPT /OUT:"D:\Workspace\VS2013\图形学\光线追踪室内\Debug\光线追踪室内.exe" /INCREMENTAL /NOLOGO kernel32.lib user32.lib gdi32.lib winspool.lib comdlg32.lib advapi32.lib shell32.lib ole32.lib oleaut32.lib uuid.lib odbc32.lib odbccp32.lib /MANIFEST /MANIFESTUAC:"level='asInvoker' uiAccess='false'" /manifest:embed /DEBUG /PDB:"D:\Workspace\VS2013\图形学\光线追踪室内\Debug\光线追踪室内.pdb" /SUBSYSTEM:CONSOLE /TLBID:1 /DYNAMICBASE /NXCOMPAT /IMPLIB:"D:\Workspace\VS2013\图形学\光线追踪室内\Debug\光线追踪室内.lib" /MACHINE:X86 Debug\Light.obj
         Debug\main.obj
         Debug\Polygon.obj
         Debug\Ray.obj
         Debug\Scene.obj
         光线追踪室内.vcxproj -> D:\Workspace\VS2013\图形学\光线追踪室内\Debug\光线追踪室内.exe
     1>已完成生成项目“D:\Workspace\VS2013\图形学\光线追踪室内\光线追踪室内\光线追踪室内.vcxproj”(Build 个目标)的操作。

生成成功。

已用时间 00:00:00.91
