生成启动时间为 2016/2/26 0:37:19。
     1>项目“E:\Workspace\VS2013\图形学\光线追踪室内\光线追踪室内\光线追踪室内.vcxproj”在节点 2 上(Build 个目标)。
     1>ClCompile:
         D:\ProgramFiles\VS2013\VC\bin\CL.exe /c /Zi /nologo /W3 /WX- /sdl /O2 /Oi /Oy- /GL /D WIN32 /D NDEBUG /D _CONSOLE /D _LIB /D _UNICODE /D UNICODE /Gm- /EHsc /MD /GS /Gy /fp:precise /Zc:wchar_t /Zc:forScope /Fo"Release\\" /Fd"Release\vc120.pdb" /Gd /TP /analyze- /errorReport:prompt Light.cpp main.cpp Polygon.cpp Ray.cpp Scene.cpp
         Light.cpp
         main.cpp
     1>main.cpp(1): fatal error C1083: 无法打开包括文件: “GL/glut.h”: No such file or directory
         Polygon.cpp
     1>Polygon.cpp(23): warning C4305: “参数”: 从“double”到“float”截断
     1>Polygon.cpp(25): warning C4305: “参数”: 从“double”到“float”截断
     1>Polygon.cpp(38): warning C4018: “<”: 有符号/无符号不匹配
         Ray.cpp
     1>Ray.cpp(20): warning C4305: “=”: 从“double”到“float”截断
     1>Ray.cpp(21): warning C4305: “=”: 从“double”到“float”截断
     1>Ray.cpp(22): warning C4305: “=”: 从“double”到“float”截断
         Scene.cpp
     1>e:\workspace\vs2013\图形学\光线追踪室内\光线追踪室内\Scene.h(12): fatal error C1083: 无法打开包括文件: “gl/glut.h”: No such file or directory
     1>已完成生成项目“E:\Workspace\VS2013\图形学\光线追踪室内\光线追踪室内\光线追踪室内.vcxproj”(Build 个目标)的操作 - 失败。

生成失败。

已用时间 00:00:00.58
